<?xml version="1.0" encoding="UTF-8"?>
<testng-results skipped="0" failed="1" ignored="0" total="1" passed="0">
  <reporter-output>
  </reporter-output>
  <suite name="Suite" duration-ms="69669" started-at="2022-12-19T17:52:14 IST" finished-at="2022-12-19T17:53:23 IST">
    <groups>
    </groups>
    <test name="POM test" duration-ms="69669" started-at="2022-12-19T17:52:14 IST" finished-at="2022-12-19T17:53:23 IST">
      <class name="com.leaftaps.ui.testcases.TC01_CreateLead">
        <test-method status="PASS" signature="inputdata()[pri:0, instance:com.leaftaps.ui.testcases.TC01_CreateLead@5e955596]" name="inputdata" is-config="true" duration-ms="15" started-at="2022-12-19T17:52:14 IST" finished-at="2022-12-19T17:52:14 IST">
          <reporter-output>
          </reporter-output>
        </test-method> <!-- inputdata -->
        <test-method status="PASS" signature="launch(java.lang.String,java.lang.String)[pri:0, instance:com.leaftaps.ui.testcases.TC01_CreateLead@5e955596]" name="launch" is-config="true" duration-ms="43437" started-at="2022-12-19T17:52:16 IST" finished-at="2022-12-19T17:52:59 IST">
          <params>
            <param index="0">
              <value>
                <![CDATA[chrome]]>
              </value>
            </param>
            <param index="1">
              <value>
                <![CDATA[http://leaftaps.com/opentaps/]]>
              </value>
            </param>
          </params>
          <reporter-output>
          </reporter-output>
        </test-method> <!-- launch -->
        <test-method status="FAIL" signature="createleadtc(java.lang.String,java.lang.String,java.lang.String)[pri:0, instance:com.leaftaps.ui.testcases.TC01_CreateLead@5e955596]" name="createleadtc" duration-ms="22887" started-at="2022-12-19T17:52:59 IST" data-provider="file" finished-at="2022-12-19T17:53:22 IST">
          <params>
            <param index="0">
              <value>
                <![CDATA[CTS]]>
              </value>
            </param>
            <param index="1">
              <value>
                <![CDATA[Radha]]>
              </value>
            </param>
            <param index="2">
              <value>
                <![CDATA[R]]>
              </value>
            </param>
          </params>
          <exception class="java.lang.NullPointerException">
            <full-stacktrace>
              <![CDATA[java.lang.NullPointerException
at com.leaftaps.ui.pages.createlead.clickcreatelead(createlead.java:20)
at com.leaftaps.ui.testcases.TC01_CreateLead.createleadtc(TC01_CreateLead.java:21)
at sun.reflect.NativeMethodAccessorImpl.invoke0(Native Method)
at sun.reflect.NativeMethodAccessorImpl.invoke(NativeMethodAccessorImpl.java:62)
at sun.reflect.DelegatingMethodAccessorImpl.invoke(DelegatingMethodAccessorImpl.java:43)
at java.lang.reflect.Method.invoke(Method.java:498)
at org.testng.internal.MethodInvocationHelper.invokeMethod(MethodInvocationHelper.java:133)
at org.testng.internal.TestInvoker.invokeMethod(TestInvoker.java:598)
at org.testng.internal.TestInvoker.invokeTestMethod(TestInvoker.java:173)
at org.testng.internal.MethodRunner.runInSequence(MethodRunner.java:46)
at org.testng.internal.TestInvoker$MethodInvocationAgent.invoke(TestInvoker.java:824)
at org.testng.internal.TestInvoker.invokeTestMethods(TestInvoker.java:146)
at org.testng.internal.TestMethodWorker.invokeTestMethods(TestMethodWorker.java:146)
at org.testng.internal.TestMethodWorker.run(TestMethodWorker.java:128)
at java.util.concurrent.ThreadPoolExecutor.runWorker(ThreadPoolExecutor.java:1149)
at java.util.concurrent.ThreadPoolExecutor$Worker.run(ThreadPoolExecutor.java:624)
at java.lang.Thread.run(Thread.java:748)
]]>
            </full-stacktrace>
          </exception> <!-- java.lang.NullPointerException -->
          <reporter-output>
          </reporter-output>
        </test-method> <!-- createleadtc -->
        <test-method status="PASS" signature="finish()[pri:0, instance:com.leaftaps.ui.testcases.TC01_CreateLead@5e955596]" name="finish" is-config="true" duration-ms="974" started-at="2022-12-19T17:53:22 IST" finished-at="2022-12-19T17:53:23 IST">
          <reporter-output>
          </reporter-output>
        </test-method> <!-- finish -->
      </class> <!-- com.leaftaps.ui.testcases.TC01_CreateLead -->
    </test> <!-- POM test -->
  </suite> <!-- Suite -->
</testng-results>
