<?xml version="1.0" encoding="UTF-8"?>
<testng-results skipped="0" failed="0" ignored="0" total="1" passed="1">
  <reporter-output>
  </reporter-output>
  <suite name="Suite" duration-ms="91764" started-at="2022-12-29T15:29:37 IST" finished-at="2022-12-29T15:31:09 IST">
    <groups>
    </groups>
    <test name="POM test" duration-ms="91764" started-at="2022-12-29T15:29:37 IST" finished-at="2022-12-29T15:31:09 IST">
      <class name="com.leaftaps.ui.testcases.TC01_CreateLead">
        <test-method status="PASS" signature="inputdata()[pri:0, instance:com.leaftaps.ui.testcases.TC01_CreateLead@5e955596]" name="inputdata" is-config="true" duration-ms="14" started-at="2022-12-29T15:29:37 IST" finished-at="2022-12-29T15:29:37 IST">
          <reporter-output>
          </reporter-output>
        </test-method> <!-- inputdata -->
        <test-method status="PASS" signature="launch(java.lang.String,java.lang.String)[pri:0, instance:com.leaftaps.ui.testcases.TC01_CreateLead@5e955596]" name="launch" is-config="true" duration-ms="49241" started-at="2022-12-29T15:29:43 IST" finished-at="2022-12-29T15:30:33 IST">
          <params>
            <param index="0">
              <value>
                <![CDATA[chrome]]>
              </value>
            </param>
            <param index="1">
              <value>
                <![CDATA[http://leaftaps.com/opentaps/]]>
              </value>
            </param>
          </params>
          <reporter-output>
          </reporter-output>
        </test-method> <!-- launch -->
        <test-method status="PASS" signature="createleadtc(java.lang.String,java.lang.String,java.lang.String)[pri:0, instance:com.leaftaps.ui.testcases.TC01_CreateLead@5e955596]" name="createleadtc" duration-ms="34129" started-at="2022-12-29T15:30:33 IST" data-provider="file" finished-at="2022-12-29T15:31:07 IST">
          <params>
            <param index="0">
              <value>
                <![CDATA[CTS]]>
              </value>
            </param>
            <param index="1">
              <value>
                <![CDATA[Radha]]>
              </value>
            </param>
            <param index="2">
              <value>
                <![CDATA[R]]>
              </value>
            </param>
          </params>
          <reporter-output>
          </reporter-output>
        </test-method> <!-- createleadtc -->
        <test-method status="PASS" signature="finish()[pri:0, instance:com.leaftaps.ui.testcases.TC01_CreateLead@5e955596]" name="finish" is-config="true" duration-ms="2295" started-at="2022-12-29T15:31:07 IST" finished-at="2022-12-29T15:31:09 IST">
          <reporter-output>
          </reporter-output>
        </test-method> <!-- finish -->
      </class> <!-- com.leaftaps.ui.testcases.TC01_CreateLead -->
    </test> <!-- POM test -->
  </suite> <!-- Suite -->
</testng-results>
