<?xml version="1.0" encoding="UTF-8"?>
<!-- Generated by org.testng.reporters.JUnitXMLReporter -->
<testsuite hostname="DESKTOP-JB7D4MS" ignored="0" name="POM test" tests="1" failures="1" timestamp="2022-12-19T17:53:23 IST" time="69.669" errors="0">
  <testcase name="createleadtc" time="22.887" classname="com.leaftaps.ui.testcases.TC01_CreateLead">
    <failure type="java.lang.NullPointerException">
      <![CDATA[java.lang.NullPointerException
at com.leaftaps.ui.pages.createlead.clickcreatelead(createlead.java:20)
at com.leaftaps.ui.testcases.TC01_CreateLead.createleadtc(TC01_CreateLead.java:21)
at java.util.concurrent.ThreadPoolExecutor.runWorker(ThreadPoolExecutor.java:1149)
at java.util.concurrent.ThreadPoolExecutor$Worker.run(ThreadPoolExecutor.java:624)
at java.lang.Thread.run(Thread.java:748)
... Removed 12 stack frames]]>
    </failure>
  </testcase> <!-- createleadtc -->
</testsuite> <!-- POM test -->
